2023-09-16T16:31:27.751Z [[31merror[39m]  : UNCAUGHT EXCEPTION! 💥 Shutting down...
2023-09-16T16:31:27.754Z [[31merror[39m]  : uncaughtException Err:: E11000 duplicate key error collection: test.members index: uniqueId_1 dup key: { uniqueId: 0 }
2023-09-16T16:31:27.754Z [[31merror[39m]  : MongoServerError: E11000 duplicate key error collection: test.members index: uniqueId_1 dup key: { uniqueId: 0 }
    at /home/rad/Documents/new folder1/aprojectnode/node_modules/mongodb/lib/operations/insert.js:50:33
    at /home/rad/Documents/new folder1/aprojectnode/node_modules/mongodb/lib/operations/command.js:84:64
    at process.processTicksAndRejections (node:internal/process/task_queues:95:5)
2023-09-16T16:37:53.285Z [[31merror[39m]  : UNCAUGHT EXCEPTION! 💥 Shutting down...
2023-09-16T16:37:53.285Z [[31merror[39m]  : uncaughtException Err:: E11000 duplicate key error collection: test.members index: uniqueId_1 dup key: { uniqueId: 0 }
2023-09-16T16:37:53.286Z [[31merror[39m]  : MongoServerError: E11000 duplicate key error collection: test.members index: uniqueId_1 dup key: { uniqueId: 0 }
    at /home/rad/Documents/new folder1/aprojectnode/node_modules/mongodb/lib/operations/insert.js:50:33
    at /home/rad/Documents/new folder1/aprojectnode/node_modules/mongodb/lib/operations/command.js:84:64
    at process.processTicksAndRejections (node:internal/process/task_queues:95:5)
2023-09-16T17:12:10.879Z [[31merror[39m]  : UNCAUGHT EXCEPTION! 💥 Shutting down...
2023-09-16T17:12:10.881Z [[31merror[39m]  : uncaughtException Err:: E11000 duplicate key error collection: test.members index: uniqueId_1 dup key: { uniqueId: 0 }
2023-09-16T17:12:10.882Z [[31merror[39m]  : MongoServerError: E11000 duplicate key error collection: test.members index: uniqueId_1 dup key: { uniqueId: 0 }
    at /home/rad/Documents/new folder1/aprojectnode/node_modules/mongodb/lib/operations/insert.js:50:33
    at /home/rad/Documents/new folder1/aprojectnode/node_modules/mongodb/lib/operations/command.js:84:64
    at process.processTicksAndRejections (node:internal/process/task_queues:95:5)
2023-09-16T17:13:38.378Z [[31merror[39m]  : Unable to connect to the database. Shutting down !! queryTxt ESERVFAIL cluster0.6r0b8yu.mongodb.net
2023-09-16T17:14:37.046Z [[31merror[39m]  : UNCAUGHT EXCEPTION! 💥 Shutting down...
2023-09-16T17:14:37.048Z [[31merror[39m]  : uncaughtException Err:: Members validation failed: uniqueId: Cast to Number failed for value "09f66cdf-4e15-419c-bf10-a9515f54b910" (type string) at path "uniqueId", memberName: Path `memberName` is required., phoneNum: Mobile number is required
2023-09-16T17:14:37.049Z [[31merror[39m]  : ValidationError: Members validation failed: uniqueId: Cast to Number failed for value "09f66cdf-4e15-419c-bf10-a9515f54b910" (type string) at path "uniqueId", memberName: Path `memberName` is required., phoneNum: Mobile number is required
    at Document.invalidate (/home/rad/Documents/new folder1/aprojectnode/node_modules/mongoose/lib/document.js:3162:32)
    at model.$set (/home/rad/Documents/new folder1/aprojectnode/node_modules/mongoose/lib/document.js:1453:12)
    at model.$set (/home/rad/Documents/new folder1/aprojectnode/node_modules/mongoose/lib/document.js:1113:16)
    at model.Document (/home/rad/Documents/new folder1/aprojectnode/node_modules/mongoose/lib/document.js:164:12)
    at model.Model (/home/rad/Documents/new folder1/aprojectnode/node_modules/mongoose/lib/model.js:123:12)
    at new model (/home/rad/Documents/new folder1/aprojectnode/node_modules/mongoose/lib/model.js:4702:15)
    at exports.createMember (/home/rad/Documents/new folder1/aprojectnode/src/controllers/memberController.js:39:28)
    at Layer.handle [as handle_request] (/home/rad/Documents/new folder1/aprojectnode/node_modules/express/lib/router/layer.js:95:5)
    at next (/home/rad/Documents/new folder1/aprojectnode/node_modules/express/lib/router/route.js:144:13)
    at done (/home/rad/Documents/new folder1/aprojectnode/node_modules/multer/lib/make-middleware.js:45:7)
2023-09-16T17:15:36.512Z [[31merror[39m]  : UNCAUGHT EXCEPTION! 💥 Shutting down...
2023-09-16T17:15:36.516Z [[31merror[39m]  : uncaughtException Err:: Members validation failed: uniqueId: Cast to Number failed for value "770d6672-e6af-44cc-81e1-c1e9074eca5e" (type string) at path "uniqueId"
2023-09-16T17:15:36.516Z [[31merror[39m]  : ValidationError: Members validation failed: uniqueId: Cast to Number failed for value "770d6672-e6af-44cc-81e1-c1e9074eca5e" (type string) at path "uniqueId"
    at Document.invalidate (/home/rad/Documents/new folder1/aprojectnode/node_modules/mongoose/lib/document.js:3162:32)
    at model.$set (/home/rad/Documents/new folder1/aprojectnode/node_modules/mongoose/lib/document.js:1453:12)
    at model.$set (/home/rad/Documents/new folder1/aprojectnode/node_modules/mongoose/lib/document.js:1113:16)
    at model.Document (/home/rad/Documents/new folder1/aprojectnode/node_modules/mongoose/lib/document.js:164:12)
    at model.Model (/home/rad/Documents/new folder1/aprojectnode/node_modules/mongoose/lib/model.js:123:12)
    at new model (/home/rad/Documents/new folder1/aprojectnode/node_modules/mongoose/lib/model.js:4702:15)
    at exports.createMember (/home/rad/Documents/new folder1/aprojectnode/src/controllers/memberController.js:39:28)
    at Layer.handle [as handle_request] (/home/rad/Documents/new folder1/aprojectnode/node_modules/express/lib/router/layer.js:95:5)
    at next (/home/rad/Documents/new folder1/aprojectnode/node_modules/express/lib/router/route.js:144:13)
    at done (/home/rad/Documents/new folder1/aprojectnode/node_modules/multer/lib/make-middleware.js:45:7)
2023-09-16T17:19:57.404Z [[31merror[39m]  : An error occurred: Cast to ObjectId failed for value "{ _id: 'undefined' }" (type Object) at path "_id" for model "Members"
2023-09-16T17:22:36.382Z [[31merror[39m]  : An error occurred: Cast to ObjectId failed for value "{ uniqueId: 'undefined' }" (type Object) at path "_id" for model "Members"
2023-09-16T17:22:46.143Z [[31merror[39m]  : An error occurred: Cast to ObjectId failed for value "{ uniqueId: 'undefined' }" (type Object) at path "_id" for model "Members"
2023-09-16T17:24:36.141Z [[31merror[39m]  : An error occurred: Cast to ObjectId failed for value "{ uniqueId: 'undefined' }" (type Object) at path "_id" for model "Members"
2023-09-16T17:27:32.883Z [[31merror[39m]  : An error occurred: Cast to ObjectId failed for value "{ _id: 'undefined' }" (type Object) at path "_id" for model "Members"
2023-09-16T17:34:05.424Z [[31merror[39m]  : An error occurred: Members validation failed: phoneNum: 889988998877 is not a valid mobile number!
2023-09-17T06:41:02.591Z [[31merror[39m]  : An error occurred: E11000 duplicate key error collection: test.members index: uniqueId_1 dup key: { uniqueId: "331021" }
2023-09-17T06:43:37.723Z [[31merror[39m]  : An error occurred: uuid4 is not a function
2023-09-17T06:48:45.705Z [[31merror[39m]  : UNCAUGHT EXCEPTION! 💥 Shutting down...
2023-09-17T06:48:45.710Z [[31merror[39m]  : uncaughtException Err:: listen EADDRINUSE: address already in use :::5004
2023-09-17T06:48:45.711Z [[31merror[39m]  : Error: listen EADDRINUSE: address already in use :::5004
    at Server.setupListenHandle [as _listen2] (node:net:1740:16)
    at listenInCluster (node:net:1788:12)
    at Server.listen (node:net:1876:7)
    at Function.listen (/home/rad/Documents/new folder1/aprojectnode/node_modules/express/lib/application.js:635:24)
    at /home/rad/Documents/new folder1/aprojectnode/src/server.js:12:18
    at process.processTicksAndRejections (node:internal/process/task_queues:95:5)
2023-09-17T06:49:41.144Z [[31merror[39m]  : UNCAUGHT EXCEPTION! 💥 Shutting down...
2023-09-17T06:49:41.148Z [[31merror[39m]  : uncaughtException Err:: listen EADDRINUSE: address already in use :::5004
2023-09-17T06:49:41.149Z [[31merror[39m]  : Error: listen EADDRINUSE: address already in use :::5004
    at Server.setupListenHandle [as _listen2] (node:net:1740:16)
    at listenInCluster (node:net:1788:12)
    at Server.listen (node:net:1876:7)
    at Function.listen (/home/rad/Documents/new folder1/aprojectnode/node_modules/express/lib/application.js:635:24)
    at /home/rad/Documents/new folder1/aprojectnode/src/server.js:12:18
    at process.processTicksAndRejections (node:internal/process/task_queues:95:5)
2023-09-17T06:50:46.940Z [[31merror[39m]  : UNCAUGHT EXCEPTION! 💥 Shutting down...
2023-09-17T06:50:46.943Z [[31merror[39m]  : uncaughtException Err:: listen EADDRINUSE: address already in use :::5004
2023-09-17T06:50:46.944Z [[31merror[39m]  : Error: listen EADDRINUSE: address already in use :::5004
    at Server.setupListenHandle [as _listen2] (node:net:1740:16)
    at listenInCluster (node:net:1788:12)
    at Server.listen (node:net:1876:7)
    at Function.listen (/home/rad/Documents/new folder1/aprojectnode/node_modules/express/lib/application.js:635:24)
    at /home/rad/Documents/new folder1/aprojectnode/src/server.js:12:18
    at process.processTicksAndRejections (node:internal/process/task_queues:95:5)
2023-09-17T07:38:48.910Z [[31merror[39m]  : An error occurred: Cast to ObjectId failed for value "{ uniqueId: '36328565' }" (type Object) at path "_id" for model "Members"
2023-09-20T06:15:45.193Z [[31merror[39m]  : An error occurred: Cannot read properties of undefined (reading 'memberName')
